Using pre-set license
Built from '2020.3/release' branch; Version is '2020.3.27f1 (e759542391ea) revision 15161684'; Using compiler version '192528614'; Build Type 'Release'
OS: 'Windows 10  (10.0.19043) 64bit Professional' Language: 'ko' Physical Memory: 32712 MB
BatchMode: 1, IsHumanControllingUs: 0, StartBugReporterOnCrash: 0, Is64bit: 1, IsPro: 0

COMMAND LINE ARGUMENTS:
C:\Program Files\Unity\Hub\Editor\2020.3.27f1\Editor\Unity.exe
-adb2
-batchMode
-noUpm
-name
AssetImportWorker0
-projectPath
C:/Users/skrtm/OneDrive/Desktop/Projects/RogueNaraka/RogueNaraka
-logFile
Logs/AssetImportWorker0.log
-srvPort
54320
Successfully changed project path to: C:/Users/skrtm/OneDrive/Desktop/Projects/RogueNaraka/RogueNaraka
C:/Users/skrtm/OneDrive/Desktop/Projects/RogueNaraka/RogueNaraka
Using Asset Import Pipeline V2.
Refreshing native plugins compatible for Editor in 72.92 ms, found 2 plugins.
Preloading 0 native plugins for Editor in 0.00 ms.
Initialize engine version: 2020.3.27f1 (e759542391ea)
[Subsystems] Discovering subsystems at path C:/Program Files/Unity/Hub/Editor/2020.3.27f1/Editor/Data/Resources/UnitySubsystems
[Subsystems] Discovering subsystems at path C:/Users/skrtm/OneDrive/Desktop/Projects/RogueNaraka/RogueNaraka/Assets
GfxDevice: creating device client; threaded=0
Direct3D:
    Version:  Direct3D 11.0 [level 11.1]
    Renderer: NVIDIA GeForce RTX 3060 (ID=0x2504)
    Vendor:   
    VRAM:     12143 MB
    Driver:   30.0.14.9729
Initialize mono
Mono path[0] = 'C:/Program Files/Unity/Hub/Editor/2020.3.27f1/Editor/Data/Managed'
Mono path[1] = 'C:/Program Files/Unity/Hub/Editor/2020.3.27f1/Editor/Data/MonoBleedingEdge/lib/mono/unityjit'
Mono config path = 'C:/Program Files/Unity/Hub/Editor/2020.3.27f1/Editor/Data/MonoBleedingEdge/etc'
Using monoOptions --debugger-agent=transport=dt_socket,embedding=1,server=y,suspend=n,address=127.0.0.1:56812
Begin MonoManager ReloadAssembly
Registering precompiled unity dll's ...
Register platform support module: C:/Program Files/Unity/Hub/Editor/2020.3.27f1/Editor/Data/PlaybackEngines/WindowsStandaloneSupport/UnityEditor.WindowsStandalone.Extensions.dll
Registered in 0.001942 seconds.
Native extension for WindowsStandalone target not found
Refreshing native plugins compatible for Editor in 47.18 ms, found 2 plugins.
Preloading 0 native plugins for Editor in 0.00 ms.
Mono: successfully reloaded assembly
- Completed reload, in  0.397 seconds
Domain Reload Profiling:
	ReloadAssembly (397ms)
		BeginReloadAssembly (49ms)
			ExecutionOrderSort (0ms)
			DisableScriptedObjects (0ms)
			BackupInstance (0ms)
			ReleaseScriptingObjects (0ms)
			CreateAndSetChildDomain (0ms)
		EndReloadAssembly (299ms)
			LoadAssemblies (47ms)
			RebuildTransferFunctionScriptingTraits (0ms)
			SetupTypeCache (89ms)
			ReleaseScriptCaches (0ms)
			RebuildScriptCaches (16ms)
			SetupLoadedEditorAssemblies (125ms)
				LogAssemblyErrors (0ms)
				InitializePlatformSupportModulesInManaged (3ms)
				SetLoadedEditorAssemblies (0ms)
				RefreshPlugins (47ms)
				BeforeProcessingInitializeOnLoad (8ms)
				ProcessInitializeOnLoadAttributes (51ms)
				ProcessInitializeOnLoadMethodAttributes (16ms)
				AfterProcessingInitializeOnLoad (0ms)
				EditorAssembliesLoaded (0ms)
			ExecutionOrderSort2 (0ms)
			AwakeInstancesAfterBackupRestoration (0ms)
Platform modules already initialized, skipping
Registering precompiled user dll's ...
Registered in 0.011506 seconds.
Begin MonoManager ReloadAssembly
Native extension for WindowsStandalone target not found
Refreshing native plugins compatible for Editor in 1.05 ms, found 2 plugins.
Preloading 0 native plugins for Editor in 0.00 ms.
Mono: successfully reloaded assembly
- Completed reload, in  0.841 seconds
Domain Reload Profiling:
	ReloadAssembly (842ms)
		BeginReloadAssembly (103ms)
			ExecutionOrderSort (0ms)
			DisableScriptedObjects (3ms)
			BackupInstance (0ms)
			ReleaseScriptingObjects (0ms)
			CreateAndSetChildDomain (15ms)
		EndReloadAssembly (695ms)
			LoadAssemblies (85ms)
			RebuildTransferFunctionScriptingTraits (0ms)
			SetupTypeCache (184ms)
			ReleaseScriptCaches (0ms)
			RebuildScriptCaches (31ms)
			SetupLoadedEditorAssemblies (346ms)
				LogAssemblyErrors (0ms)
				InitializePlatformSupportModulesInManaged (3ms)
				SetLoadedEditorAssemblies (0ms)
				RefreshPlugins (1ms)
				BeforeProcessingInitializeOnLoad (74ms)
				ProcessInitializeOnLoadAttributes (233ms)
				ProcessInitializeOnLoadMethodAttributes (27ms)
				AfterProcessingInitializeOnLoad (7ms)
				EditorAssembliesLoaded (0ms)
			ExecutionOrderSort2 (0ms)
			AwakeInstancesAfterBackupRestoration (5ms)
Platform modules already initialized, skipping
========================================================================
Worker process is ready to serve import requests
Launched and connected shader compiler UnityShaderCompiler.exe after 0.05 seconds
Refreshing native plugins compatible for Editor in 1.00 ms, found 2 plugins.
Preloading 0 native plugins for Editor in 0.00 ms.
Unloading 2631 Unused Serialized files (Serialized files now loaded: 0)
System memory in use before: 101.9 MB.
System memory in use after: 102.1 MB.

Unloading 118 unused Assets to reduce memory usage. Loaded Objects now: 2990.
Total: 5.320500 ms (FindLiveObjects: 0.215800 ms CreateObjectMapping: 0.091000 ms MarkObjects: 4.950200 ms  DeleteObjects: 0.062700 ms)

AssetImportParameters requested are different than current active one (requested -> active):
  custom:framework-win-MediaFoundation: 216162199b28c13a410421893ffa2e32 -> 
  custom:video-decoder-ogg-theora: a1e56fd34408186e4bbccfd4996cb3dc -> 
  custom:container-muxer-webm: aa71ff27fc2769a1b78a27578f13a17b -> 
  custom:container-demuxer-webm: 4f35f7cbe854078d1ac9338744f61a02 -> 
  custom:container-demuxer-ogg: 62fdf1f143b41e24485cea50d1cbac27 -> 
  custom:video-encoder-webm-vp8: eb34c28f22e8b96e1ab97ce403110664 -> 
  custom:video-decoder-webm-vp8: 9c59270c3fd7afecdb556c50c9e8de78 -> 
  custom:audio-decoder-ogg-vorbis: bf7c407c2cedff20999df2af8eb42d56 -> 
  custom:audio-encoder-webm-vorbis: bf7c407c2cedff20999df2af8eb42d56 -> 
========================================================================
Received Import Request.
  path: Assets/TextMesh Pro/Resources/Fonts & Materials/Sam3KRFont SDF Coin.mat
  artifactKey: Guid(2a30de53a4d4274418ca0076c1508743) Importer(815301076,1909f56bfc062723c751e8b465ee728b)
Start importing Assets/TextMesh Pro/Resources/Fonts & Materials/Sam3KRFont SDF Coin.mat using Guid(2a30de53a4d4274418ca0076c1508743) Importer(815301076,1909f56bfc062723c751e8b465ee728b)  -> (artifact id: 'c7d69b591cb2c7bedcfe1e924f9bd6c6') in 0.108356 seconds 
  Import took 0.111828 seconds .

========================================================================
Received Import Request.
  Time since last request: 110.055791 seconds.
  path: Assets/Sprites/coin_ingame.png
  artifactKey: Guid(e3cdb8567ffe1cc4198a141e559e2c0f) Importer(815301076,1909f56bfc062723c751e8b465ee728b)
Start importing Assets/Sprites/coin_ingame.png using Guid(e3cdb8567ffe1cc4198a141e559e2c0f) Importer(815301076,1909f56bfc062723c751e8b465ee728b)  -> (artifact id: '6d0e4f74d1a6b893475b54d3a6dff96d') in 0.060706 seconds 
  Import took 0.064015 seconds .

========================================================================
Received Import Request.
  Time since last request: 468.155332 seconds.
  path: Assets/AnimationControllers
  artifactKey: Guid(f4cbe491e0b745a41bb2baa59226a6d7) Importer(815301076,1909f56bfc062723c751e8b465ee728b)
Start importing Assets/AnimationControllers using Guid(f4cbe491e0b745a41bb2baa59226a6d7) Importer(815301076,1909f56bfc062723c751e8b465ee728b)  -> (artifact id: 'cc9888e131a314694828f19be306794e') in 0.007076 seconds 
  Import took 0.010210 seconds .

========================================================================
Received Import Request.
  Time since last request: 0.308072 seconds.
  path: Assets/Android Native Audio
  artifactKey: Guid(113c0ef2427cba542adbb829a44ef96f) Importer(815301076,1909f56bfc062723c751e8b465ee728b)
Start importing Assets/Android Native Audio using Guid(113c0ef2427cba542adbb829a44ef96f) Importer(815301076,1909f56bfc062723c751e8b465ee728b)  -> (artifact id: 'ea732e134e9d17de0ebf1b689d4f112e') in 0.006769 seconds 
  Import took 0.010045 seconds .

========================================================================
Received Import Request.
  Time since last request: 0.691683 seconds.
  path: Assets/BansheeGz
  artifactKey: Guid(27cf29f02edd4a14abe938d52effe109) Importer(815301076,1909f56bfc062723c751e8b465ee728b)
Start importing Assets/BansheeGz using Guid(27cf29f02edd4a14abe938d52effe109) Importer(815301076,1909f56bfc062723c751e8b465ee728b)  -> (artifact id: '3c6a9e973b5127976aae38edae4477b8') in 0.006423 seconds 
  Import took 0.009506 seconds .

========================================================================
Received Import Request.
  Time since last request: 1.063265 seconds.
  path: Assets/ExternalDependencyManager
  artifactKey: Guid(c7843d42ae3deda49bab6bb8673e990f) Importer(815301076,1909f56bfc062723c751e8b465ee728b)
Start importing Assets/ExternalDependencyManager using Guid(c7843d42ae3deda49bab6bb8673e990f) Importer(815301076,1909f56bfc062723c751e8b465ee728b)  -> (artifact id: 'df44452456db0202e19ed3b16bc06a53') in 0.006621 seconds 
  Import took 0.010356 seconds .

========================================================================
Received Import Request.
  Time since last request: 0.308036 seconds.
  path: Assets/FancyScrollView
  artifactKey: Guid(ab383fb8f043b174f80e3a13c1f42647) Importer(815301076,1909f56bfc062723c751e8b465ee728b)
Start importing Assets/FancyScrollView using Guid(ab383fb8f043b174f80e3a13c1f42647) Importer(815301076,1909f56bfc062723c751e8b465ee728b)  -> (artifact id: '97b1b26c3f64b94795245b45e47a31ff') in 0.006440 seconds 
  Import took 0.009719 seconds .

========================================================================
Received Import Request.
  Time since last request: 0.376362 seconds.
  path: Assets/Material&Shader
  artifactKey: Guid(87816cd3c7b562e479986a19f226a28a) Importer(815301076,1909f56bfc062723c751e8b465ee728b)
Start importing Assets/Material&Shader using Guid(87816cd3c7b562e479986a19f226a28a) Importer(815301076,1909f56bfc062723c751e8b465ee728b)  -> (artifact id: '3b7e72dcfca13203baee10ee4fba8d12') in 0.005578 seconds 
  Import took 0.009304 seconds .

========================================================================
Received Import Request.
  Time since last request: 1.601559 seconds.
  path: Assets/Pixel Art Rotation
  artifactKey: Guid(69ddaf3a8c437b84981c9c2cef691ae9) Importer(815301076,1909f56bfc062723c751e8b465ee728b)
Start importing Assets/Pixel Art Rotation using Guid(69ddaf3a8c437b84981c9c2cef691ae9) Importer(815301076,1909f56bfc062723c751e8b465ee728b)  -> (artifact id: '3fc7a09970506864b4b6070ee00ec652') in 0.006192 seconds 
  Import took 0.009554 seconds .

========================================================================
Received Import Request.
  Time since last request: 0.283459 seconds.
  path: Assets/Palettes
  artifactKey: Guid(29227df75472df846a91261a49a9e6c5) Importer(815301076,1909f56bfc062723c751e8b465ee728b)
Start importing Assets/Palettes using Guid(29227df75472df846a91261a49a9e6c5) Importer(815301076,1909f56bfc062723c751e8b465ee728b)  -> (artifact id: 'fdd47833f94674ac63a1e0844a63fe85') in 0.005514 seconds 
  Import took 0.009163 seconds .

========================================================================
Received Import Request.
  Time since last request: 0.747184 seconds.
  path: Assets/Parse
  artifactKey: Guid(43810f02c9c21b04999ec61881f163ad) Importer(815301076,1909f56bfc062723c751e8b465ee728b)
Start importing Assets/Parse using Guid(43810f02c9c21b04999ec61881f163ad) Importer(815301076,1909f56bfc062723c751e8b465ee728b)  -> (artifact id: '19fea613c60272711d777b806fcfd1c0') in 0.005513 seconds 
  Import took 0.008850 seconds .

========================================================================
Received Import Request.
  Time since last request: 0.377215 seconds.
  path: Assets/Plugins
  artifactKey: Guid(d080f6c88358081478ac012dac3aa3cc) Importer(815301076,1909f56bfc062723c751e8b465ee728b)
Start importing Assets/Plugins using Guid(d080f6c88358081478ac012dac3aa3cc) Importer(815301076,1909f56bfc062723c751e8b465ee728b)  -> (artifact id: '375e4e74c4b632864d795d90e5d09236') in 0.005509 seconds 
  Import took 0.008734 seconds .

========================================================================
Received Import Request.
  Time since last request: 0.359507 seconds.
  path: Assets/Resources
  artifactKey: Guid(62ab02d0d01fef040803b6002b858411) Importer(815301076,1909f56bfc062723c751e8b465ee728b)
Start importing Assets/Resources using Guid(62ab02d0d01fef040803b6002b858411) Importer(815301076,1909f56bfc062723c751e8b465ee728b)  -> (artifact id: 'eb78ad25d951182c60b672ca60bc6df9') in 0.005978 seconds 
  Import took 0.009234 seconds .

========================================================================
Received Import Request.
  Time since last request: 5.107166 seconds.
  path: Assets/Prefabs/Bullet.prefab
  artifactKey: Guid(5e9640fba7fd2a04c8bf12302b5bd791) Importer(815301076,1909f56bfc062723c751e8b465ee728b)
Start importing Assets/Prefabs/Bullet.prefab using Guid(5e9640fba7fd2a04c8bf12302b5bd791) Importer(815301076,1909f56bfc062723c751e8b465ee728b)  -> (artifact id: '218bf2c3fecc21790ec946a5f5441276') in 0.015607 seconds 
  Import took 0.019027 seconds .

========================================================================
Received Import Request.
  Time since last request: 0.306266 seconds.
  path: Assets/Prefabs/DeathEffect.prefab
  artifactKey: Guid(6c02f026a14831141b18af9ef118b0f0) Importer(815301076,1909f56bfc062723c751e8b465ee728b)
Start importing Assets/Prefabs/DeathEffect.prefab using Guid(6c02f026a14831141b18af9ef118b0f0) Importer(815301076,1909f56bfc062723c751e8b465ee728b)  -> (artifact id: 'b83163ce33cd890e1faac413bf163c87') in 0.007441 seconds 
  Import took 0.010739 seconds .

========================================================================
Received Import Request.
  Time since last request: 1.252719 seconds.
  path: Assets/Prefabs/PointTxt.prefab
  artifactKey: Guid(1cf3ae7b81b4e744a87be5a1f7958c51) Importer(815301076,1909f56bfc062723c751e8b465ee728b)
Start importing Assets/Prefabs/PointTxt.prefab using Guid(1cf3ae7b81b4e744a87be5a1f7958c51) Importer(815301076,1909f56bfc062723c751e8b465ee728b)  -> (artifact id: 'a0febc6eeec67144e626ae3fef55d6bc') in 0.056242 seconds 
  Import took 0.059664 seconds .

========================================================================
Received Import Request.
  Time since last request: 0.658067 seconds.
  path: Assets/Prefabs/RevolveHolder.prefab
  artifactKey: Guid(c5ae2fabaa9cc5f4e8f720fea36e863a) Importer(815301076,1909f56bfc062723c751e8b465ee728b)
Start importing Assets/Prefabs/RevolveHolder.prefab using Guid(c5ae2fabaa9cc5f4e8f720fea36e863a) Importer(815301076,1909f56bfc062723c751e8b465ee728b)  -> (artifact id: '94eec9f1fc97553a0863e035da07c051') in 0.033547 seconds 
  Import took 0.036907 seconds .

========================================================================
Received Import Request.
  Time since last request: 1.058670 seconds.
  path: Assets/Prefabs/SoulParticle.prefab
  artifactKey: Guid(83409fc3bc4c772468a1f74d72e681b3) Importer(815301076,1909f56bfc062723c751e8b465ee728b)
Start importing Assets/Prefabs/SoulParticle.prefab using Guid(83409fc3bc4c772468a1f74d72e681b3) Importer(815301076,1909f56bfc062723c751e8b465ee728b)  -> (artifact id: '5d736dca28d05270b30cff0d0143f7e9') in 0.030408 seconds 
  Import took 0.033873 seconds .

========================================================================
Received Import Request.
  Time since last request: 0.395662 seconds.
  path: Assets/Prefabs/SkillCell.prefab
  artifactKey: Guid(a7838a642d6577e40b65e7783c2c8de4) Importer(815301076,1909f56bfc062723c751e8b465ee728b)
Start importing Assets/Prefabs/SkillCell.prefab using Guid(a7838a642d6577e40b65e7783c2c8de4) Importer(815301076,1909f56bfc062723c751e8b465ee728b)  -> (artifact id: 'cc499b6456070d9323589455665cea52') in 0.016557 seconds 
  Import took 0.020278 seconds .

========================================================================
Received Import Request.
  Time since last request: 568.490322 seconds.
  path: Assets/Sprites/Bullet1/bullet.png
  artifactKey: Guid(02ace1020aa5eea48ac2940a737d2ad9) Importer(815301076,1909f56bfc062723c751e8b465ee728b)
Start importing Assets/Sprites/Bullet1/bullet.png using Guid(02ace1020aa5eea48ac2940a737d2ad9) Importer(815301076,1909f56bfc062723c751e8b465ee728b)  -> (artifact id: '6bada65af07fd2f76d876fe2c8f2600d') in 0.015915 seconds 
  Import took 0.019564 seconds .

========================================================================
Received Import Request.
  Time since last request: 0.000156 seconds.
  path: Assets/Sprites/UI/Btn/close.png
  artifactKey: Guid(9cd27359e5f76e2478656329444c4c9f) Importer(815301076,1909f56bfc062723c751e8b465ee728b)
Start importing Assets/Sprites/UI/Btn/close.png using Guid(9cd27359e5f76e2478656329444c4c9f) Importer(815301076,1909f56bfc062723c751e8b465ee728b)  -> (artifact id: '1d60303f67c2dc4c63420d522593dce0') in 0.010581 seconds 
  Import took 0.013579 seconds .

========================================================================
Received Import Request.
  Time since last request: 0.000145 seconds.
  path: Assets/Sprites/Enemy/DragonHead0/dragon0L.png
  artifactKey: Guid(30a736b89fe6f98479d452ec086b1689) Importer(815301076,1909f56bfc062723c751e8b465ee728b)
Start importing Assets/Sprites/Enemy/DragonHead0/dragon0L.png using Guid(30a736b89fe6f98479d452ec086b1689) Importer(815301076,1909f56bfc062723c751e8b465ee728b)  -> (artifact id: 'f589cb7bd8d23b76581c85ffb3da40c9') in 0.020320 seconds 
  Import took 0.023431 seconds .

========================================================================
Received Import Request.
  Time since last request: 0.000145 seconds.
  path: Assets/Sprites/Effect/Stat/dmg.png
  artifactKey: Guid(c448808b8032425489d509e75c3288b9) Importer(815301076,1909f56bfc062723c751e8b465ee728b)
Start importing Assets/Sprites/Effect/Stat/dmg.png using Guid(c448808b8032425489d509e75c3288b9) Importer(815301076,1909f56bfc062723c751e8b465ee728b)  -> (artifact id: '2f99a4d1726d5d62a225a6dac33c8b91') in 0.010179 seconds 
  Import took 0.012999 seconds .

========================================================================
Received Import Request.
  Time since last request: 0.000170 seconds.
  path: Assets/Sprites/UI/clock.png
  artifactKey: Guid(08908cc5ce97af144a5ab6608092691d) Importer(815301076,1909f56bfc062723c751e8b465ee728b)
Start importing Assets/Sprites/UI/clock.png using Guid(08908cc5ce97af144a5ab6608092691d) Importer(815301076,1909f56bfc062723c751e8b465ee728b)  -> (artifact id: '39177745ca435859932b91ef0f59e2a8') in 0.014354 seconds 
  Import took 0.017153 seconds .

========================================================================
Received Prepare
Registering precompiled user dll's ...
Registered in 0.010893 seconds.
Begin MonoManager ReloadAssembly
Native extension for WindowsStandalone target not found
Refreshing native plugins compatible for Editor in 1.05 ms, found 2 plugins.
Preloading 0 native plugins for Editor in 0.00 ms.
Mono: successfully reloaded assembly
- Completed reload, in  0.736 seconds
Domain Reload Profiling:
	ReloadAssembly (736ms)
		BeginReloadAssembly (102ms)
			ExecutionOrderSort (0ms)
			DisableScriptedObjects (4ms)
			BackupInstance (0ms)
			ReleaseScriptingObjects (0ms)
			CreateAndSetChildDomain (33ms)
		EndReloadAssembly (591ms)
			LoadAssemblies (83ms)
			RebuildTransferFunctionScriptingTraits (0ms)
			SetupTypeCache (180ms)
			ReleaseScriptCaches (1ms)
			RebuildScriptCaches (23ms)
			SetupLoadedEditorAssemblies (243ms)
				LogAssemblyErrors (0ms)
				InitializePlatformSupportModulesInManaged (3ms)
				SetLoadedEditorAssemblies (0ms)
				RefreshPlugins (1ms)
				BeforeProcessingInitializeOnLoad (66ms)
				ProcessInitializeOnLoadAttributes (145ms)
				ProcessInitializeOnLoadMethodAttributes (22ms)
				AfterProcessingInitializeOnLoad (6ms)
				EditorAssembliesLoaded (0ms)
			ExecutionOrderSort2 (0ms)
			AwakeInstancesAfterBackupRestoration (5ms)
Platform modules already initialized, skipping
Switching build target platform(19) subTarget(0) extendedPlatform(0) -> platform(13) subTarget(589824) extendedPlatform(0)
Refreshing native plugins compatible for Editor in 0.96 ms, found 2 plugins.
Preloading 0 native plugins for Editor in 0.00 ms.
Unloading 2607 Unused Serialized files (Serialized files now loaded: 0)
System memory in use before: 103.2 MB.
System memory in use after: 103.4 MB.

Unloading 110 unused Assets to reduce memory usage. Loaded Objects now: 3046.
Total: 5.461500 ms (FindLiveObjects: 0.201300 ms CreateObjectMapping: 0.079900 ms MarkObjects: 5.143000 ms  DeleteObjects: 0.036300 ms)

AssetImportParameters requested are different than current active one (requested -> active):
  custom:framework-win-MediaFoundation: 216162199b28c13a410421893ffa2e32 -> 
  custom:video-decoder-ogg-theora: a1e56fd34408186e4bbccfd4996cb3dc -> 
  custom:container-muxer-webm: aa71ff27fc2769a1b78a27578f13a17b -> 
  custom:container-demuxer-webm: 4f35f7cbe854078d1ac9338744f61a02 -> 
  custom:container-demuxer-ogg: 62fdf1f143b41e24485cea50d1cbac27 -> 
  custom:video-encoder-webm-vp8: eb34c28f22e8b96e1ab97ce403110664 -> 
  custom:video-decoder-webm-vp8: 9c59270c3fd7afecdb556c50c9e8de78 -> 
  custom:graphics/normal-map-encoding: 01000000000000000000000000000000 -> 02000000000000000000000000000000
  custom:audio-decoder-ogg-vorbis: bf7c407c2cedff20999df2af8eb42d56 -> 
  custom:audio-encoder-webm-vorbis: bf7c407c2cedff20999df2af8eb42d56 -> 
========================================================================
Received Import Request.
  Time since last request: 67.234687 seconds.
  path: Assets/Prefabs/SoulParticle.prefab
  artifactKey: Guid(83409fc3bc4c772468a1f74d72e681b3) Importer(815301076,1909f56bfc062723c751e8b465ee728b)
Start importing Assets/Prefabs/SoulParticle.prefab using Guid(83409fc3bc4c772468a1f74d72e681b3) Importer(815301076,1909f56bfc062723c751e8b465ee728b)  -> (artifact id: '607c40445435b24f26cd49e1a0710c00') in 0.069101 seconds 
  Import took 0.072438 seconds .

========================================================================
Received Import Request.
  Time since last request: 10.594523 seconds.
  path: Assets/Prefabs/CoinParticle.prefab
  artifactKey: Guid(83409fc3bc4c772468a1f74d72e681b3) Importer(815301076,1909f56bfc062723c751e8b465ee728b)
Start importing Assets/Prefabs/CoinParticle.prefab using Guid(83409fc3bc4c772468a1f74d72e681b3) Importer(815301076,1909f56bfc062723c751e8b465ee728b)  -> (artifact id: 'd49d25b3c816ab9b03bef6b775437ca7') in 0.012887 seconds 
  Import took 0.016359 seconds .

========================================================================
Received Import Request.
  Time since last request: 33.501044 seconds.
  path: Assets/Sprites/coin_ingame.png
  artifactKey: Guid(e3cdb8567ffe1cc4198a141e559e2c0f) Importer(815301076,1909f56bfc062723c751e8b465ee728b)
Start importing Assets/Sprites/coin_ingame.png using Guid(e3cdb8567ffe1cc4198a141e559e2c0f) Importer(815301076,1909f56bfc062723c751e8b465ee728b)  -> (artifact id: '60783a0b312f66454720cf7aeca17e00') in 0.018902 seconds 
  Import took 0.022267 seconds .

========================================================================
Received Prepare
Registering precompiled user dll's ...
Registered in 0.011492 seconds.
Begin MonoManager ReloadAssembly
Native extension for WindowsStandalone target not found
Refreshing native plugins compatible for Editor in 1.05 ms, found 2 plugins.
Preloading 0 native plugins for Editor in 0.00 ms.
Mono: successfully reloaded assembly
- Completed reload, in  0.733 seconds
Domain Reload Profiling:
	ReloadAssembly (733ms)
		BeginReloadAssembly (97ms)
			ExecutionOrderSort (0ms)
			DisableScriptedObjects (4ms)
			BackupInstance (0ms)
			ReleaseScriptingObjects (0ms)
			CreateAndSetChildDomain (31ms)
		EndReloadAssembly (593ms)
			LoadAssemblies (83ms)
			RebuildTransferFunctionScriptingTraits (0ms)
			SetupTypeCache (176ms)
			ReleaseScriptCaches (1ms)
			RebuildScriptCaches (23ms)
			SetupLoadedEditorAssemblies (247ms)
				LogAssemblyErrors (0ms)
				InitializePlatformSupportModulesInManaged (3ms)
				SetLoadedEditorAssemblies (0ms)
				RefreshPlugins (1ms)
				BeforeProcessingInitializeOnLoad (66ms)
				ProcessInitializeOnLoadAttributes (147ms)
				ProcessInitializeOnLoadMethodAttributes (23ms)
				AfterProcessingInitializeOnLoad (6ms)
				EditorAssembliesLoaded (0ms)
			ExecutionOrderSort2 (0ms)
			AwakeInstancesAfterBackupRestoration (4ms)
Platform modules already initialized, skipping
Switching build target platform(19) subTarget(0) extendedPlatform(0) -> platform(13) subTarget(589824) extendedPlatform(0)
Refreshing native plugins compatible for Editor in 1.08 ms, found 2 plugins.
Preloading 0 native plugins for Editor in 0.00 ms.
Unloading 2607 Unused Serialized files (Serialized files now loaded: 0)
System memory in use before: 103.3 MB.
System memory in use after: 103.5 MB.

Unloading 109 unused Assets to reduce memory usage. Loaded Objects now: 3049.
Total: 5.247700 ms (FindLiveObjects: 0.203500 ms CreateObjectMapping: 0.063000 ms MarkObjects: 4.951800 ms  DeleteObjects: 0.028500 ms)

AssetImportParameters requested are different than current active one (requested -> active):
  custom:framework-win-MediaFoundation: 216162199b28c13a410421893ffa2e32 -> 
  custom:video-decoder-ogg-theora: a1e56fd34408186e4bbccfd4996cb3dc -> 
  custom:container-muxer-webm: aa71ff27fc2769a1b78a27578f13a17b -> 
  custom:container-demuxer-webm: 4f35f7cbe854078d1ac9338744f61a02 -> 
  custom:container-demuxer-ogg: 62fdf1f143b41e24485cea50d1cbac27 -> 
  custom:video-encoder-webm-vp8: eb34c28f22e8b96e1ab97ce403110664 -> 
  custom:video-decoder-webm-vp8: 9c59270c3fd7afecdb556c50c9e8de78 -> 
  custom:graphics/normal-map-encoding: 01000000000000000000000000000000 -> 02000000000000000000000000000000
  custom:audio-decoder-ogg-vorbis: bf7c407c2cedff20999df2af8eb42d56 -> 
  custom:audio-encoder-webm-vorbis: bf7c407c2cedff20999df2af8eb42d56 -> 
========================================================================
Received Prepare
Registering precompiled user dll's ...
Registered in 0.010981 seconds.
Begin MonoManager ReloadAssembly
Native extension for WindowsStandalone target not found
Refreshing native plugins compatible for Editor in 1.06 ms, found 2 plugins.
Preloading 0 native plugins for Editor in 0.00 ms.
Mono: successfully reloaded assembly
- Completed reload, in  0.769 seconds
Domain Reload Profiling:
	ReloadAssembly (770ms)
		BeginReloadAssembly (97ms)
			ExecutionOrderSort (0ms)
			DisableScriptedObjects (4ms)
			BackupInstance (0ms)
			ReleaseScriptingObjects (0ms)
			CreateAndSetChildDomain (29ms)
		EndReloadAssembly (627ms)
			LoadAssemblies (84ms)
			RebuildTransferFunctionScriptingTraits (0ms)
			SetupTypeCache (195ms)
			ReleaseScriptCaches (1ms)
			RebuildScriptCaches (23ms)
			SetupLoadedEditorAssemblies (251ms)
				LogAssemblyErrors (0ms)
				InitializePlatformSupportModulesInManaged (3ms)
				SetLoadedEditorAssemblies (0ms)
				RefreshPlugins (1ms)
				BeforeProcessingInitializeOnLoad (66ms)
				ProcessInitializeOnLoadAttributes (147ms)
				ProcessInitializeOnLoadMethodAttributes (26ms)
				AfterProcessingInitializeOnLoad (8ms)
				EditorAssembliesLoaded (0ms)
			ExecutionOrderSort2 (0ms)
			AwakeInstancesAfterBackupRestoration (5ms)
Platform modules already initialized, skipping
Switching build target platform(19) subTarget(0) extendedPlatform(0) -> platform(13) subTarget(589824) extendedPlatform(0)
Refreshing native plugins compatible for Editor in 1.15 ms, found 2 plugins.
Preloading 0 native plugins for Editor in 0.00 ms.
Unloading 2607 Unused Serialized files (Serialized files now loaded: 0)
System memory in use before: 103.3 MB.
System memory in use after: 103.5 MB.

Unloading 109 unused Assets to reduce memory usage. Loaded Objects now: 3051.
Total: 5.129300 ms (FindLiveObjects: 0.205500 ms CreateObjectMapping: 0.084000 ms MarkObjects: 4.812300 ms  DeleteObjects: 0.026600 ms)

AssetImportParameters requested are different than current active one (requested -> active):
  custom:framework-win-MediaFoundation: 216162199b28c13a410421893ffa2e32 -> 
  custom:video-decoder-ogg-theora: a1e56fd34408186e4bbccfd4996cb3dc -> 
  custom:container-muxer-webm: aa71ff27fc2769a1b78a27578f13a17b -> 
  custom:container-demuxer-webm: 4f35f7cbe854078d1ac9338744f61a02 -> 
  custom:container-demuxer-ogg: 62fdf1f143b41e24485cea50d1cbac27 -> 
  custom:video-encoder-webm-vp8: eb34c28f22e8b96e1ab97ce403110664 -> 
  custom:video-decoder-webm-vp8: 9c59270c3fd7afecdb556c50c9e8de78 -> 
  custom:graphics/normal-map-encoding: 01000000000000000000000000000000 -> 02000000000000000000000000000000
  custom:audio-decoder-ogg-vorbis: bf7c407c2cedff20999df2af8eb42d56 -> 
  custom:audio-encoder-webm-vorbis: bf7c407c2cedff20999df2af8eb42d56 -> 
========================================================================
Received Prepare
Registering precompiled user dll's ...
Registered in 0.011874 seconds.
Begin MonoManager ReloadAssembly
Native extension for WindowsStandalone target not found
Refreshing native plugins compatible for Editor in 1.04 ms, found 2 plugins.
Preloading 0 native plugins for Editor in 0.00 ms.
Mono: successfully reloaded assembly
- Completed reload, in  0.738 seconds
Domain Reload Profiling:
	ReloadAssembly (738ms)
		BeginReloadAssembly (96ms)
			ExecutionOrderSort (0ms)
			DisableScriptedObjects (4ms)
			BackupInstance (0ms)
			ReleaseScriptingObjects (0ms)
			CreateAndSetChildDomain (30ms)
		EndReloadAssembly (599ms)
			LoadAssemblies (82ms)
			RebuildTransferFunctionScriptingTraits (0ms)
			SetupTypeCache (172ms)
			ReleaseScriptCaches (1ms)
			RebuildScriptCaches (23ms)
			SetupLoadedEditorAssemblies (244ms)
				LogAssemblyErrors (0ms)
				InitializePlatformSupportModulesInManaged (3ms)
				SetLoadedEditorAssemblies (0ms)
				RefreshPlugins (1ms)
				BeforeProcessingInitializeOnLoad (64ms)
				ProcessInitializeOnLoadAttributes (147ms)
				ProcessInitializeOnLoadMethodAttributes (22ms)
				AfterProcessingInitializeOnLoad (6ms)
				EditorAssembliesLoaded (0ms)
			ExecutionOrderSort2 (0ms)
			AwakeInstancesAfterBackupRestoration (4ms)
Platform modules already initialized, skipping
Switching build target platform(19) subTarget(0) extendedPlatform(0) -> platform(13) subTarget(589824) extendedPlatform(0)
Refreshing native plugins compatible for Editor in 1.03 ms, found 2 plugins.
Preloading 0 native plugins for Editor in 0.00 ms.
Unloading 2607 Unused Serialized files (Serialized files now loaded: 0)
System memory in use before: 103.3 MB.
System memory in use after: 103.5 MB.

Unloading 109 unused Assets to reduce memory usage. Loaded Objects now: 3053.
Total: 4.943900 ms (FindLiveObjects: 0.193500 ms CreateObjectMapping: 0.078000 ms MarkObjects: 4.644100 ms  DeleteObjects: 0.027600 ms)

AssetImportParameters requested are different than current active one (requested -> active):
  custom:framework-win-MediaFoundation: 216162199b28c13a410421893ffa2e32 -> 
  custom:video-decoder-ogg-theora: a1e56fd34408186e4bbccfd4996cb3dc -> 
  custom:container-muxer-webm: aa71ff27fc2769a1b78a27578f13a17b -> 
  custom:container-demuxer-webm: 4f35f7cbe854078d1ac9338744f61a02 -> 
  custom:container-demuxer-ogg: 62fdf1f143b41e24485cea50d1cbac27 -> 
  custom:video-encoder-webm-vp8: eb34c28f22e8b96e1ab97ce403110664 -> 
  custom:video-decoder-webm-vp8: 9c59270c3fd7afecdb556c50c9e8de78 -> 
  custom:graphics/normal-map-encoding: 01000000000000000000000000000000 -> 02000000000000000000000000000000
  custom:audio-decoder-ogg-vorbis: bf7c407c2cedff20999df2af8eb42d56 -> 
  custom:audio-encoder-webm-vorbis: bf7c407c2cedff20999df2af8eb42d56 -> 
========================================================================
Received Prepare
Registering precompiled user dll's ...
Registered in 0.011114 seconds.
Begin MonoManager ReloadAssembly
Native extension for WindowsStandalone target not found
Refreshing native plugins compatible for Editor in 1.08 ms, found 2 plugins.
Preloading 0 native plugins for Editor in 0.00 ms.
Mono: successfully reloaded assembly
- Completed reload, in  0.762 seconds
Domain Reload Profiling:
	ReloadAssembly (763ms)
		BeginReloadAssembly (93ms)
			ExecutionOrderSort (0ms)
			DisableScriptedObjects (4ms)
			BackupInstance (0ms)
			ReleaseScriptingObjects (0ms)
			CreateAndSetChildDomain (29ms)
		EndReloadAssembly (627ms)
			LoadAssemblies (85ms)
			RebuildTransferFunctionScriptingTraits (0ms)
			SetupTypeCache (177ms)
			ReleaseScriptCaches (1ms)
			RebuildScriptCaches (23ms)
			SetupLoadedEditorAssemblies (249ms)
				LogAssemblyErrors (0ms)
				InitializePlatformSupportModulesInManaged (3ms)
				SetLoadedEditorAssemblies (0ms)
				RefreshPlugins (1ms)
				BeforeProcessingInitializeOnLoad (68ms)
				ProcessInitializeOnLoadAttributes (146ms)
				ProcessInitializeOnLoadMethodAttributes (24ms)
				AfterProcessingInitializeOnLoad (7ms)
				EditorAssembliesLoaded (0ms)
			ExecutionOrderSort2 (0ms)
			AwakeInstancesAfterBackupRestoration (5ms)
Platform modules already initialized, skipping
Switching build target platform(19) subTarget(0) extendedPlatform(0) -> platform(13) subTarget(589824) extendedPlatform(0)
Refreshing native plugins compatible for Editor in 1.04 ms, found 2 plugins.
Preloading 0 native plugins for Editor in 0.00 ms.
Unloading 2607 Unused Serialized files (Serialized files now loaded: 0)
System memory in use before: 103.3 MB.
System memory in use after: 103.5 MB.

Unloading 109 unused Assets to reduce memory usage. Loaded Objects now: 3055.
Total: 4.739900 ms (FindLiveObjects: 0.196400 ms CreateObjectMapping: 0.062500 ms MarkObjects: 4.452000 ms  DeleteObjects: 0.028300 ms)

AssetImportParameters requested are different than current active one (requested -> active):
  custom:framework-win-MediaFoundation: 216162199b28c13a410421893ffa2e32 -> 
  custom:video-decoder-ogg-theora: a1e56fd34408186e4bbccfd4996cb3dc -> 
  custom:container-muxer-webm: aa71ff27fc2769a1b78a27578f13a17b -> 
  custom:container-demuxer-webm: 4f35f7cbe854078d1ac9338744f61a02 -> 
  custom:container-demuxer-ogg: 62fdf1f143b41e24485cea50d1cbac27 -> 
  custom:video-encoder-webm-vp8: eb34c28f22e8b96e1ab97ce403110664 -> 
  custom:video-decoder-webm-vp8: 9c59270c3fd7afecdb556c50c9e8de78 -> 
  custom:graphics/normal-map-encoding: 01000000000000000000000000000000 -> 02000000000000000000000000000000
  custom:audio-decoder-ogg-vorbis: bf7c407c2cedff20999df2af8eb42d56 -> 
  custom:audio-encoder-webm-vorbis: bf7c407c2cedff20999df2af8eb42d56 -> 
========================================================================
Received Prepare
Registering precompiled user dll's ...
Registered in 0.010932 seconds.
Begin MonoManager ReloadAssembly
Native extension for WindowsStandalone target not found
Refreshing native plugins compatible for Editor in 1.07 ms, found 2 plugins.
Preloading 0 native plugins for Editor in 0.00 ms.
Mono: successfully reloaded assembly
- Completed reload, in  0.762 seconds
Domain Reload Profiling:
	ReloadAssembly (763ms)
		BeginReloadAssembly (99ms)
			ExecutionOrderSort (0ms)
			DisableScriptedObjects (4ms)
			BackupInstance (0ms)
			ReleaseScriptingObjects (0ms)
			CreateAndSetChildDomain (30ms)
		EndReloadAssembly (621ms)
			LoadAssemblies (85ms)
			RebuildTransferFunctionScriptingTraits (0ms)
			SetupTypeCache (178ms)
			ReleaseScriptCaches (1ms)
			RebuildScriptCaches (24ms)
			SetupLoadedEditorAssemblies (243ms)
				LogAssemblyErrors (0ms)
				InitializePlatformSupportModulesInManaged (3ms)
				SetLoadedEditorAssemblies (0ms)
				RefreshPlugins (1ms)
				BeforeProcessingInitializeOnLoad (65ms)
				ProcessInitializeOnLoadAttributes (145ms)
				ProcessInitializeOnLoadMethodAttributes (23ms)
				AfterProcessingInitializeOnLoad (6ms)
				EditorAssembliesLoaded (0ms)
			ExecutionOrderSort2 (0ms)
			AwakeInstancesAfterBackupRestoration (4ms)
Platform modules already initialized, skipping
Switching build target platform(19) subTarget(0) extendedPlatform(0) -> platform(13) subTarget(589824) extendedPlatform(0)
Refreshing native plugins compatible for Editor in 1.07 ms, found 2 plugins.
Preloading 0 native plugins for Editor in 0.00 ms.
Unloading 2607 Unused Serialized files (Serialized files now loaded: 0)
System memory in use before: 103.3 MB.
System memory in use after: 103.5 MB.

Unloading 109 unused Assets to reduce memory usage. Loaded Objects now: 3057.
Total: 4.887800 ms (FindLiveObjects: 0.199600 ms CreateObjectMapping: 0.079200 ms MarkObjects: 4.564300 ms  DeleteObjects: 0.043800 ms)

AssetImportParameters requested are different than current active one (requested -> active):
  custom:framework-win-MediaFoundation: 216162199b28c13a410421893ffa2e32 -> 
  custom:video-decoder-ogg-theora: a1e56fd34408186e4bbccfd4996cb3dc -> 
  custom:container-muxer-webm: aa71ff27fc2769a1b78a27578f13a17b -> 
  custom:container-demuxer-webm: 4f35f7cbe854078d1ac9338744f61a02 -> 
  custom:container-demuxer-ogg: 62fdf1f143b41e24485cea50d1cbac27 -> 
  custom:video-encoder-webm-vp8: eb34c28f22e8b96e1ab97ce403110664 -> 
  custom:video-decoder-webm-vp8: 9c59270c3fd7afecdb556c50c9e8de78 -> 
  custom:graphics/normal-map-encoding: 01000000000000000000000000000000 -> 02000000000000000000000000000000
  custom:audio-decoder-ogg-vorbis: bf7c407c2cedff20999df2af8eb42d56 -> 
  custom:audio-encoder-webm-vorbis: bf7c407c2cedff20999df2af8eb42d56 -> 
========================================================================
Received Import Request.
  Time since last request: 334.720187 seconds.
  path: Assets/Editor Default Resources
  artifactKey: Guid(cfe5d386009023f47b6a5cd2874c2dad) Importer(815301076,1909f56bfc062723c751e8b465ee728b)
Start importing Assets/Editor Default Resources using Guid(cfe5d386009023f47b6a5cd2874c2dad) Importer(815301076,1909f56bfc062723c751e8b465ee728b)  -> (artifact id: 'd898b8246dcd744cd66e57c18964f560') in 0.008882 seconds 
  Import took 0.011906 seconds .

========================================================================
Received Prepare
Registering precompiled user dll's ...
Registered in 0.013913 seconds.
Begin MonoManager ReloadAssembly
Native extension for WindowsStandalone target not found
Refreshing native plugins compatible for Editor in 1.06 ms, found 2 plugins.
Preloading 0 native plugins for Editor in 0.00 ms.
Mono: successfully reloaded assembly
- Completed reload, in  0.796 seconds
Domain Reload Profiling:
	ReloadAssembly (796ms)
		BeginReloadAssembly (98ms)
			ExecutionOrderSort (0ms)
			DisableScriptedObjects (4ms)
			BackupInstance (0ms)
			ReleaseScriptingObjects (0ms)
			CreateAndSetChildDomain (27ms)
		EndReloadAssembly (654ms)
			LoadAssemblies (90ms)
			RebuildTransferFunctionScriptingTraits (0ms)
			SetupTypeCache (183ms)
			ReleaseScriptCaches (1ms)
			RebuildScriptCaches (25ms)
			SetupLoadedEditorAssemblies (255ms)
				LogAssemblyErrors (0ms)
				InitializePlatformSupportModulesInManaged (3ms)
				SetLoadedEditorAssemblies (0ms)
				RefreshPlugins (1ms)
				BeforeProcessingInitializeOnLoad (72ms)
				ProcessInitializeOnLoadAttributes (149ms)
				ProcessInitializeOnLoadMethodAttributes (23ms)
				AfterProcessingInitializeOnLoad (7ms)
				EditorAssembliesLoaded (0ms)
			ExecutionOrderSort2 (0ms)
			AwakeInstancesAfterBackupRestoration (4ms)
Platform modules already initialized, skipping
Switching build target platform(19) subTarget(0) extendedPlatform(0) -> platform(13) subTarget(589824) extendedPlatform(0)
Refreshing native plugins compatible for Editor in 1.02 ms, found 2 plugins.
Preloading 0 native plugins for Editor in 0.00 ms.
Unloading 2607 Unused Serialized files (Serialized files now loaded: 0)
System memory in use before: 103.3 MB.
System memory in use after: 103.6 MB.

Unloading 109 unused Assets to reduce memory usage. Loaded Objects now: 3059.
Total: 4.906400 ms (FindLiveObjects: 0.214700 ms CreateObjectMapping: 0.075400 ms MarkObjects: 4.589900 ms  DeleteObjects: 0.025500 ms)

AssetImportParameters requested are different than current active one (requested -> active):
  custom:framework-win-MediaFoundation: 216162199b28c13a410421893ffa2e32 -> 
  custom:video-decoder-ogg-theora: a1e56fd34408186e4bbccfd4996cb3dc -> 
  custom:container-muxer-webm: aa71ff27fc2769a1b78a27578f13a17b -> 
  custom:container-demuxer-webm: 4f35f7cbe854078d1ac9338744f61a02 -> 
  custom:container-demuxer-ogg: 62fdf1f143b41e24485cea50d1cbac27 -> 
  custom:video-encoder-webm-vp8: eb34c28f22e8b96e1ab97ce403110664 -> 
  custom:video-decoder-webm-vp8: 9c59270c3fd7afecdb556c50c9e8de78 -> 
  custom:graphics/normal-map-encoding: 01000000000000000000000000000000 -> 02000000000000000000000000000000
  custom:audio-decoder-ogg-vorbis: bf7c407c2cedff20999df2af8eb42d56 -> 
  custom:audio-encoder-webm-vorbis: bf7c407c2cedff20999df2af8eb42d56 -> 
========================================================================
Received Import Request.
  Time since last request: 609.940304 seconds.
  path: Assets/Prefabs/CoinParticle.prefab
  artifactKey: Guid(83409fc3bc4c772468a1f74d72e681b3) Importer(815301076,1909f56bfc062723c751e8b465ee728b)
Start importing Assets/Prefabs/CoinParticle.prefab using Guid(83409fc3bc4c772468a1f74d72e681b3) Importer(815301076,1909f56bfc062723c751e8b465ee728b)  -> (artifact id: '481b33583b96892a62c06aa35e65c25d') in 0.053649 seconds 
  Import took 0.057185 seconds .

========================================================================
Received Prepare
Registering precompiled user dll's ...
Registered in 0.012126 seconds.
Begin MonoManager ReloadAssembly
Native extension for WindowsStandalone target not found
Refreshing native plugins compatible for Editor in 1.06 ms, found 2 plugins.
Preloading 0 native plugins for Editor in 0.00 ms.
Mono: successfully reloaded assembly
- Completed reload, in  0.791 seconds
Domain Reload Profiling:
	ReloadAssembly (791ms)
		BeginReloadAssembly (98ms)
			ExecutionOrderSort (0ms)
			DisableScriptedObjects (4ms)
			BackupInstance (0ms)
			ReleaseScriptingObjects (0ms)
			CreateAndSetChildDomain (28ms)
		EndReloadAssembly (648ms)
			LoadAssemblies (89ms)
			RebuildTransferFunctionScriptingTraits (0ms)
			SetupTypeCache (184ms)
			ReleaseScriptCaches (1ms)
			RebuildScriptCaches (23ms)
			SetupLoadedEditorAssemblies (245ms)
				LogAssemblyErrors (0ms)
				InitializePlatformSupportModulesInManaged (3ms)
				SetLoadedEditorAssemblies (0ms)
				RefreshPlugins (1ms)
				BeforeProcessingInitializeOnLoad (68ms)
				ProcessInitializeOnLoadAttributes (143ms)
				ProcessInitializeOnLoadMethodAttributes (22ms)
				AfterProcessingInitializeOnLoad (7ms)
				EditorAssembliesLoaded (0ms)
			ExecutionOrderSort2 (0ms)
			AwakeInstancesAfterBackupRestoration (4ms)
Platform modules already initialized, skipping
Switching build target platform(19) subTarget(0) extendedPlatform(0) -> platform(13) subTarget(589824) extendedPlatform(0)
Refreshing native plugins compatible for Editor in 1.05 ms, found 2 plugins.
Preloading 0 native plugins for Editor in 0.00 ms.
Unloading 2607 Unused Serialized files (Serialized files now loaded: 0)
System memory in use before: 103.3 MB.
System memory in use after: 103.6 MB.

Unloading 109 unused Assets to reduce memory usage. Loaded Objects now: 3062.
Total: 5.307000 ms (FindLiveObjects: 0.222200 ms CreateObjectMapping: 0.096100 ms MarkObjects: 4.955800 ms  DeleteObjects: 0.031900 ms)

AssetImportParameters requested are different than current active one (requested -> active):
  custom:framework-win-MediaFoundation: 216162199b28c13a410421893ffa2e32 -> 
  custom:video-decoder-ogg-theora: a1e56fd34408186e4bbccfd4996cb3dc -> 
  custom:container-muxer-webm: aa71ff27fc2769a1b78a27578f13a17b -> 
  custom:container-demuxer-webm: 4f35f7cbe854078d1ac9338744f61a02 -> 
  custom:container-demuxer-ogg: 62fdf1f143b41e24485cea50d1cbac27 -> 
  custom:video-encoder-webm-vp8: eb34c28f22e8b96e1ab97ce403110664 -> 
  custom:video-decoder-webm-vp8: 9c59270c3fd7afecdb556c50c9e8de78 -> 
  custom:graphics/normal-map-encoding: 01000000000000000000000000000000 -> 02000000000000000000000000000000
  custom:audio-decoder-ogg-vorbis: bf7c407c2cedff20999df2af8eb42d56 -> 
  custom:audio-encoder-webm-vorbis: bf7c407c2cedff20999df2af8eb42d56 -> 
========================================================================
Received Import Request.
  Time since last request: 41.114739 seconds.
  path: Assets/Sprites/coin_ingame.png
  artifactKey: Guid(e3cdb8567ffe1cc4198a141e559e2c0f) Importer(815301076,1909f56bfc062723c751e8b465ee728b)
Start importing Assets/Sprites/coin_ingame.png using Guid(e3cdb8567ffe1cc4198a141e559e2c0f) Importer(815301076,1909f56bfc062723c751e8b465ee728b)  -> (artifact id: 'e308fbee01c8c599099eceb5896834b9') in 0.038052 seconds 
  Import took 0.041236 seconds .

========================================================================
Received Import Request.
  Time since last request: 539.684999 seconds.
  path: Assets/Prefabs/CoinParticle.prefab
  artifactKey: Guid(83409fc3bc4c772468a1f74d72e681b3) Importer(815301076,1909f56bfc062723c751e8b465ee728b)
Start importing Assets/Prefabs/CoinParticle.prefab using Guid(83409fc3bc4c772468a1f74d72e681b3) Importer(815301076,1909f56bfc062723c751e8b465ee728b)  -> (artifact id: '402d9727cb19c81a8d8f262e6048fc92') in 0.042545 seconds 
  Import took 0.046524 seconds .

========================================================================
Received Prepare
Registering precompiled user dll's ...
Registered in 0.012698 seconds.
Begin MonoManager ReloadAssembly
Native extension for WindowsStandalone target not found
Refreshing native plugins compatible for Editor in 1.06 ms, found 2 plugins.
Preloading 0 native plugins for Editor in 0.00 ms.
Mono: successfully reloaded assembly
- Completed reload, in  0.818 seconds
Domain Reload Profiling:
	ReloadAssembly (818ms)
		BeginReloadAssembly (101ms)
			ExecutionOrderSort (0ms)
			DisableScriptedObjects (4ms)
			BackupInstance (0ms)
			ReleaseScriptingObjects (0ms)
			CreateAndSetChildDomain (29ms)
		EndReloadAssembly (672ms)
			LoadAssemblies (89ms)
			RebuildTransferFunctionScriptingTraits (0ms)
			SetupTypeCache (182ms)
			ReleaseScriptCaches (1ms)
			RebuildScriptCaches (24ms)
			SetupLoadedEditorAssemblies (260ms)
				LogAssemblyErrors (0ms)
				InitializePlatformSupportModulesInManaged (3ms)
				SetLoadedEditorAssemblies (0ms)
				RefreshPlugins (1ms)
				BeforeProcessingInitializeOnLoad (72ms)
				ProcessInitializeOnLoadAttributes (151ms)
				ProcessInitializeOnLoadMethodAttributes (24ms)
				AfterProcessingInitializeOnLoad (7ms)
				EditorAssembliesLoaded (0ms)
			ExecutionOrderSort2 (0ms)
			AwakeInstancesAfterBackupRestoration (4ms)
Platform modules already initialized, skipping
Switching build target platform(19) subTarget(0) extendedPlatform(0) -> platform(13) subTarget(589824) extendedPlatform(0)
Refreshing native plugins compatible for Editor in 1.03 ms, found 2 plugins.
Preloading 0 native plugins for Editor in 0.00 ms.
Unloading 2607 Unused Serialized files (Serialized files now loaded: 0)
System memory in use before: 103.4 MB.
System memory in use after: 103.6 MB.

Unloading 109 unused Assets to reduce memory usage. Loaded Objects now: 3065.
Total: 5.143100 ms (FindLiveObjects: 0.227300 ms CreateObjectMapping: 0.101400 ms MarkObjects: 4.782800 ms  DeleteObjects: 0.031000 ms)

AssetImportParameters requested are different than current active one (requested -> active):
  custom:framework-win-MediaFoundation: 216162199b28c13a410421893ffa2e32 -> 
  custom:video-decoder-ogg-theora: a1e56fd34408186e4bbccfd4996cb3dc -> 
  custom:container-muxer-webm: aa71ff27fc2769a1b78a27578f13a17b -> 
  custom:container-demuxer-webm: 4f35f7cbe854078d1ac9338744f61a02 -> 
  custom:container-demuxer-ogg: 62fdf1f143b41e24485cea50d1cbac27 -> 
  custom:video-encoder-webm-vp8: eb34c28f22e8b96e1ab97ce403110664 -> 
  custom:video-decoder-webm-vp8: 9c59270c3fd7afecdb556c50c9e8de78 -> 
  custom:graphics/normal-map-encoding: 01000000000000000000000000000000 -> 02000000000000000000000000000000
  custom:audio-decoder-ogg-vorbis: bf7c407c2cedff20999df2af8eb42d56 -> 
  custom:audio-encoder-webm-vorbis: bf7c407c2cedff20999df2af8eb42d56 -> 
AssetImportWorkerClient::OnTransportError - code=2 error=End of file
